<?xml version="1.0" encoding="UTF-8"?>
<!-- Generated by org.testng.reporters.JUnitXMLReporter -->
<testsuite hostname="HYRD5CG7514ST5" ignored="0" tests="6" failures="2" timestamp="24 Jul 2020 03:52:34 GMT" time="19.32" errors="0">
  <testcase name="failTest" time="7.159" classname="ExtendReportTest">
    <failure type="java.lang.AssertionError" message="expected [NoTitle] but found [Downloads - ChromeDriver - WebDriver for Chrome]">
      <![CDATA[java.lang.AssertionError: expected [NoTitle] but found [Downloads - ChromeDriver - WebDriver for Chrome]
at ExtendReportTest.failTest(ExtendReportTest.java:89)
... Removed 41 stack frames]]>
    </failure>
  </testcase> <!-- failTest -->
  <testcase name="passTest" time="0.0" classname="ExtendReportTest"/>
  <testcase name="skipTest" time="0.001" classname="ExtendReportTest">
    <skipped/>
  </testcase> <!-- skipTest -->
  <testcase name="failTest" time="5.925" classname="ExtentSparkReporterTest">
    <failure type="java.lang.AssertionError" message="expected [NoTitle] but found [Downloads - ChromeDriver - WebDriver for Chrome]">
      <![CDATA[java.lang.AssertionError: expected [NoTitle] but found [Downloads - ChromeDriver - WebDriver for Chrome]
at ExtentSparkReporterTest.failTest(ExtentSparkReporterTest.java:113)
... Removed 41 stack frames]]>
    </failure>
  </testcase> <!-- failTest -->
  <testcase name="passTest" time="0.001" classname="ExtentSparkReporterTest"/>
  <testcase name="skipTest" time="0.001" classname="ExtentSparkReporterTest">
    <skipped/>
  </testcase> <!-- skipTest -->
</testsuite>
