<?xml version="1.0" encoding="UTF-8"?>
<!-- Generated by org.testng.reporters.JUnitXMLReporter -->
<testsuite hostname="HYRD5CG7514ST5" ignored="0" tests="3" failures="1" timestamp="24 Jul 2020 04:40:10 GMT" time="11.627" errors="0">
  <testcase name="failTest" time="8.154" classname="ExtendReportTest">
    <failure type="java.lang.AssertionError" message="expected [NoTitle] but found [Downloads - ChromeDriver - WebDriver for Chrome]">
      <![CDATA[java.lang.AssertionError: expected [NoTitle] but found [Downloads - ChromeDriver - WebDriver for Chrome]
at ExtendReportTest.failTest(ExtendReportTest.java:110)
... Removed 40 stack frames]]>
    </failure>
  </testcase> <!-- failTest -->
  <testcase name="passTest" time="0.0" classname="ExtendReportTest"/>
  <testcase name="skipTest" time="0.001" classname="ExtendReportTest">
    <skipped/>
  </testcase> <!-- skipTest -->
</testsuite>
